<?xml version="1.0" encoding="UTF-8"?><testsuite errors="0" failures="0" name="This is test scenario of Login Page" skipped="0" tests="6" time="31.28" timestamp="2022-04-14 05:14:17"><testcase name="TC-01 - RememberMe checkbox isn't selected in default"/><testcase name="TC-02 - Alert displays when login with email blank"/><testcase name="TC-03 - Alert displays when login with password blank"/><testcase name="TC-04 - Alert displays when login with email is wrong format"/><testcase name="TC-05 - Alert displays when login with invalid password"/><testcase name="TC-06 - System navigate to Explore Project page when login successfully"/></testsuite>